<?xml version="1.0" encoding="UTF-8" ?>
<testsuites>

  <testsuite name="Timer myTimer stop" errors="0" tests="1" failures="0" time="0.001" timestamp="Tue Jul 08 2014 20:55:24 GMT-0700 (PDT)">
    
      <testcase assertions="0" classname="Timer myTimer stop" name="should stop the myTimer" time="0.001">
        
      </testcase>
    
  </testsuite>

</testsuites>