<?xml version="1.0" encoding="UTF-8" ?>
<testsuites>

  <testsuite name="Timer timer start" errors="0" tests="2" failures="0" time="0.001" timestamp="Tue Jul 08 2014 20:15:49 GMT-0700 (PDT)">
    
      <testcase assertions="0" classname="Timer timer start" name="should start the timer" time="0.001">
        
      </testcase>
    
      <testcase assertions="0" classname="Timer timer start" name="timer should increment after being started" time="0">
        
      </testcase>
    
  </testsuite>

</testsuites>