<?xml version="1.0" encoding="UTF-8" ?>
<testsuites>

  <testsuite name="Timer" errors="0" tests="0" failures="0" time="" timestamp="Tue Jul 08 2014 20:55:24 GMT-0700 (PDT)">
    
  </testsuite>

</testsuites>